[34m[1mwandb[0m: [33mWARNING[0m Symlinked 1 file into the W&B run directory; call wandb.save again to sync new files.
Loading dataset and tokenizer...
Traceback (most recent call last):
  File "/usr/local/lib/python3.12/dist-packages/transformers/utils/hub.py", line 479, in cached_files
    hf_hub_download(
  File "/usr/local/lib/python3.12/dist-packages/huggingface_hub/utils/_validators.py", line 106, in _inner_fn
    validate_repo_id(arg_value)
  File "/usr/local/lib/python3.12/dist-packages/huggingface_hub/utils/_validators.py", line 160, in validate_repo_id
    raise HFValidationError(
huggingface_hub.errors.HFValidationError: Repo id must use alphanumeric chars, '-', '_' or '.'. The name cannot start or end with '-' or '.' and the maximum length is 96: ''.

During handling of the above exception, another exception occurred:

Traceback (most recent call last):
  File "<frozen runpy>", line 198, in _run_module_as_main
  File "<frozen runpy>", line 88, in _run_code
  File "/root/sparse_pretrain/src/train.py", line 465, in <module>
    main()
  File "/root/sparse_pretrain/src/train.py", line 461, in main
    train(config)
  File "/root/sparse_pretrain/src/train.py", line 192, in train
    dataloader, tokenizer = create_dataloader(
                            ^^^^^^^^^^^^^^^^^^
  File "/root/sparse_pretrain/src/data.py", line 152, in create_dataloader
    tokenizer = AutoTokenizer.from_pretrained(tokenizer_name, trust_remote_code=True)
                ^^^^^^^^^^^^^^^^^^^^^^^^^^^^^^^^^^^^^^^^^^^^^^^^^^^^^^^^^^^^^^^^^^^^^
  File "/usr/local/lib/python3.12/dist-packages/transformers/models/auto/tokenization_auto.py", line 1089, in from_pretrained
    tokenizer_config = get_tokenizer_config(pretrained_model_name_or_path, **kwargs)
                       ^^^^^^^^^^^^^^^^^^^^^^^^^^^^^^^^^^^^^^^^^^^^^^^^^^^^^^^^^^^^^
  File "/usr/local/lib/python3.12/dist-packages/transformers/models/auto/tokenization_auto.py", line 921, in get_tokenizer_config
    resolved_config_file = cached_file(
                           ^^^^^^^^^^^^
  File "/usr/local/lib/python3.12/dist-packages/transformers/utils/hub.py", line 322, in cached_file
    file = cached_files(path_or_repo_id=path_or_repo_id, filenames=[filename], **kwargs)
           ^^^^^^^^^^^^^^^^^^^^^^^^^^^^^^^^^^^^^^^^^^^^^^^^^^^^^^^^^^^^^^^^^^^^^^^^^^^^^
  File "/usr/local/lib/python3.12/dist-packages/transformers/utils/hub.py", line 532, in cached_files
    _get_cache_file_to_return(path_or_repo_id, filename, cache_dir, revision, repo_type)
  File "/usr/local/lib/python3.12/dist-packages/transformers/utils/hub.py", line 143, in _get_cache_file_to_return
    resolved_file = try_to_load_from_cache(
                    ^^^^^^^^^^^^^^^^^^^^^^^
  File "/usr/local/lib/python3.12/dist-packages/huggingface_hub/utils/_validators.py", line 106, in _inner_fn
    validate_repo_id(arg_value)
  File "/usr/local/lib/python3.12/dist-packages/huggingface_hub/utils/_validators.py", line 160, in validate_repo_id
    raise HFValidationError(
huggingface_hub.errors.HFValidationError: Repo id must use alphanumeric chars, '-', '_' or '.'. The name cannot start or end with '-' or '.' and the maximum length is 96: ''.
